2016-07-30 15:21:21 [schedulerLog][Thread-1-login.py-do_login-line:165]
DEBUG:http://passport.weibo.com/wbsso/login?ssosavestate=1501399281&url=http%3A%2F%2Fweibo.com%2Fajaxlogin.php%3Fframelogin%3D1%26callback%3Dparent.sinaSSOController.feedBackUrlCallBack&ticket=ST-MTk1OTA3MjMwMA==-1469863281-xd-3A266C0A3DF5877CD5F11B922291584C&retcode=0
2016-07-30 15:21:22 [schedulerLog][Thread-1-loginer.py-fill_cookies_list-line:85]
INFO:474407250@qq.com--login success !
2016-07-30 15:21:22 [schedulerLog][Thread-1-craw_page_parse_2.py-crawl-line:354]
INFO:Thread-1 start to crawl ! http://weibo.com/2997618404/info
2016-07-30 15:21:22 [schedulerLog][Thread-2-craw_page_parse_2.py-crawl-line:354]
INFO:Thread-2 start to crawl ! http://weibo.com/1628027424/info
2016-07-30 15:21:22 [schedulerLog][Thread-3-craw_page_parse_2.py-crawl-line:354]
INFO:Thread-3 start to crawl ! http://weibo.com/1424122964/info
2016-07-30 15:21:22 [schedulerLog][Thread-4-craw_page_parse_2.py-crawl-line:354]
INFO:Thread-4 start to crawl ! http://weibo.com/1195852374/info
2016-07-30 15:21:22 [schedulerLog][Thread-5-craw_page_parse_2.py-crawl-line:354]
INFO:Thread-5 start to crawl ! http://weibo.com/1903453907/info
2016-07-30 15:21:22 [schedulerLog][Thread-6-craw_page_parse_2.py-crawl-line:354]
INFO:Thread-6 start to crawl ! http://weibo.com/1759722153/info
2016-07-30 15:21:22 [schedulerLog][Thread-7-craw_page_parse_2.py-crawl-line:354]
INFO:Thread-7 start to crawl ! http://weibo.com/1892851597/info
2016-07-30 15:21:22 [schedulerLog][Thread-8-craw_page_parse_2.py-crawl-line:354]
INFO:Thread-8 start to crawl ! http://weibo.com/1198952077/info
2016-07-30 15:21:22 [schedulerLog][Thread-9-craw_page_parse_2.py-crawl-line:354]
INFO:Thread-9 start to crawl ! http://weibo.com/1219924804/info
2016-07-30 15:21:22 [schedulerLog][Thread-10-craw_page_parse_2.py-crawl-line:354]
INFO:Thread-10 start to crawl ! http://weibo.com/1239429641/info
2016-07-30 15:21:22 [schedulerLog][Thread-11-craw_page_parse_2.py-crawl-line:354]
INFO:Thread-11 start to crawl ! http://weibo.com/5592926501/info
2016-07-30 15:21:24 [schedulerLog][Thread-3-craw_page_parse_2.py-store_userinfo_loc_to_db-line:394]
INFO:Thread-3 insert to database, success !
2016-07-30 15:21:24 [schedulerLog][Thread-3-craw_page_parse_2.py-crawl-line:354]
INFO:Thread-3 start to crawl ! http://weibo.com/1696824275/info
2016-07-30 15:21:24 [schedulerLog][Thread-10-craw_page_parse_2.py-store_userinfo_loc_to_db-line:394]
INFO:Thread-10 insert to database, success !
2016-07-30 15:21:24 [schedulerLog][Thread-10-craw_page_parse_2.py-crawl-line:354]
INFO:Thread-10 start to crawl ! http://weibo.com/1497035137/info
2016-07-30 15:21:25 [schedulerLog][Thread-2-craw_page_parse_2.py-store_userinfo_loc_to_db-line:394]
INFO:Thread-2 insert to database, success !
2016-07-30 15:21:25 [schedulerLog][Thread-2-craw_page_parse_2.py-crawl-line:354]
INFO:Thread-2 start to crawl ! http://weibo.com/1655051857/info
2016-07-30 15:21:25 [schedulerLog][Thread-5-craw_page_parse_2.py-store_userinfo_loc_to_db-line:394]
INFO:Thread-5 insert to database, success !
2016-07-30 15:21:25 [schedulerLog][Thread-5-craw_page_parse_2.py-crawl-line:354]
INFO:Thread-5 start to crawl ! http://weibo.com/1489975190/info
2016-07-30 15:21:25 [schedulerLog][Thread-8-craw_page_parse_2.py-store_userinfo_loc_to_db-line:394]
INFO:Thread-8 insert to database, success !
2016-07-30 15:21:25 [schedulerLog][Thread-8-craw_page_parse_2.py-crawl-line:354]
INFO:Thread-8 start to crawl ! http://weibo.com/1969548795/info
2016-07-30 15:21:25 [schedulerLog][Thread-1-craw_page_parse_2.py-store_userinfo_loc_to_db-line:394]
INFO:Thread-1 insert to database, success !
2016-07-30 15:21:25 [schedulerLog][Thread-1-craw_page_parse_2.py-crawl-line:354]
INFO:Thread-1 start to crawl ! http://weibo.com/1564320652/info
2016-07-30 15:21:25 [schedulerLog][Thread-11-craw_page_parse_2.py-store_userinfo_loc_to_db-line:394]
INFO:Thread-11 insert to database, success !
2016-07-30 15:21:25 [schedulerLog][Thread-11-craw_page_parse_2.py-crawl-line:354]
INFO:Thread-11 start to crawl ! http://weibo.com/1429505167/info
2016-07-30 15:21:25 [schedulerLog][Thread-4-craw_page_parse_2.py-store_userinfo_loc_to_db-line:394]
INFO:Thread-4 insert to database, success !
2016-07-30 15:21:25 [schedulerLog][Thread-4-craw_page_parse_2.py-crawl-line:354]
INFO:Thread-4 start to crawl ! http://weibo.com/1662486324/info
2016-07-30 15:21:25 [schedulerLog][Thread-7-craw_page_parse_2.py-store_userinfo_loc_to_db-line:394]
INFO:Thread-7 insert to database, success !
2016-07-30 15:21:25 [schedulerLog][Thread-7-craw_page_parse_2.py-crawl-line:354]
INFO:Thread-7 start to crawl ! http://weibo.com/48617632/info
2016-07-30 15:21:25 [schedulerLog][Thread-6-craw_page_parse_2.py-store_userinfo_loc_to_db-line:394]
INFO:Thread-6 insert to database, success !
2016-07-30 15:21:25 [schedulerLog][Thread-6-craw_page_parse_2.py-crawl-line:354]
INFO:Thread-6 start to crawl ! http://weibo.com/1403574364/info
2016-07-30 15:21:26 [schedulerLog][Thread-9-craw_page_parse_2.py-store_userinfo_loc_to_db-line:394]
INFO:Thread-9 insert to database, success !
2016-07-30 15:21:26 [schedulerLog][Thread-9-craw_page_parse_2.py-crawl-line:354]
INFO:Thread-9 start to crawl ! http://weibo.com/1773129031/info
2016-07-30 15:21:27 [schedulerLog][Thread-8-craw_page_parse_2.py-store_userinfo_loc_to_db-line:394]
INFO:Thread-8 insert to database, success !
2016-07-30 15:21:27 [schedulerLog][Thread-8-craw_page_parse_2.py-crawl-line:354]
INFO:Thread-8 start to crawl ! http://weibo.com/2083236113/info
2016-07-30 15:21:27 [schedulerLog][Thread-5-craw_page_parse_2.py-store_userinfo_loc_to_db-line:394]
INFO:Thread-5 insert to database, success !
2016-07-30 15:21:27 [schedulerLog][Thread-5-craw_page_parse_2.py-crawl-line:354]
INFO:Thread-5 start to crawl ! http://weibo.com/1088131553/info
2016-07-30 15:21:27 [schedulerLog][Thread-1-craw_page_parse_2.py-store_userinfo_loc_to_db-line:394]
INFO:Thread-1 insert to database, success !
2016-07-30 15:21:27 [schedulerLog][Thread-1-craw_page_parse_2.py-crawl-line:354]
INFO:Thread-1 start to crawl ! http://weibo.com/1621071994/info
2016-07-30 15:21:27 [schedulerLog][Thread-3-craw_page_parse_2.py-store_userinfo_loc_to_db-line:394]
INFO:Thread-3 insert to database, success !
2016-07-30 15:21:27 [schedulerLog][Thread-3-craw_page_parse_2.py-crawl-line:354]
INFO:Thread-3 start to crawl ! http://weibo.com/1985141165/info
2016-07-30 15:21:27 [schedulerLog][Thread-4-craw_page_parse_2.py-store_userinfo_loc_to_db-line:394]
INFO:Thread-4 insert to database, success !
2016-07-30 15:21:27 [schedulerLog][Thread-4-craw_page_parse_2.py-crawl-line:354]
INFO:Thread-4 start to crawl ! http://weibo.com/1881259512/info
2016-07-30 15:21:28 [schedulerLog][Thread-2-craw_page_parse_2.py-store_userinfo_loc_to_db-line:394]
INFO:Thread-2 insert to database, success !
2016-07-30 15:21:28 [schedulerLog][Thread-2-craw_page_parse_2.py-crawl-line:354]
INFO:Thread-2 start to crawl ! http://weibo.com/1780942923/info
2016-07-30 15:21:28 [schedulerLog][Thread-7-craw_page_parse_2.py-store_userinfo_loc_to_db-line:394]
INFO:Thread-7 insert to database, success !
2016-07-30 15:21:28 [schedulerLog][Thread-7-craw_page_parse_2.py-crawl-line:354]
INFO:Thread-7 start to crawl ! http://weibo.com/1687749740/info
2016-07-30 15:21:29 [schedulerLog][Thread-6-craw_page_parse_2.py-store_userinfo_loc_to_db-line:394]
INFO:Thread-6 insert to database, success !
2016-07-30 15:21:29 [schedulerLog][Thread-6-craw_page_parse_2.py-crawl-line:354]
INFO:Thread-6 start to crawl ! http://weibo.com/1788792305/info
2016-07-30 15:21:29 [schedulerLog][Thread-11-craw_page_parse_2.py-store_userinfo_loc_to_db-line:394]
INFO:Thread-11 insert to database, success !
2016-07-30 15:21:29 [schedulerLog][Thread-11-craw_page_parse_2.py-crawl-line:354]
INFO:Thread-11 start to crawl ! http://weibo.com/2469401477/info
2016-07-30 15:21:29 [schedulerLog][Thread-9-craw_page_parse_2.py-store_userinfo_loc_to_db-line:394]
INFO:Thread-9 insert to database, success !
2016-07-30 15:21:29 [schedulerLog][Thread-9-craw_page_parse_2.py-crawl-line:354]
INFO:Thread-9 start to crawl ! http://weibo.com/1688646925/info
2016-07-30 15:21:29 [schedulerLog][Thread-3-craw_page_parse_2.py-store_userinfo_loc_to_db-line:394]
INFO:Thread-3 insert to database, success !
2016-07-30 15:21:29 [schedulerLog][Thread-3-craw_page_parse_2.py-crawl-line:354]
INFO:Thread-3 start to crawl ! http://weibo.com/1869872745/info
2016-07-30 15:21:30 [schedulerLog][Thread-2-craw_page_parse_2.py-store_userinfo_loc_to_db-line:394]
INFO:Thread-2 insert to database, success !
2016-07-30 15:21:30 [schedulerLog][Thread-2-craw_page_parse_2.py-crawl-line:354]
INFO:Thread-2 start to crawl ! http://weibo.com/5135378454/info
2016-07-30 15:21:30 [schedulerLog][Thread-5-craw_page_parse_2.py-store_userinfo_loc_to_db-line:394]
INFO:Thread-5 insert to database, success !
2016-07-30 15:21:30 [schedulerLog][Thread-5-craw_page_parse_2.py-crawl-line:354]
INFO:Thread-5 start to crawl ! http://weibo.com/2142852627/info
2016-07-30 15:21:30 [schedulerLog][Thread-8-craw_page_parse_2.py-store_userinfo_loc_to_db-line:394]
INFO:Thread-8 insert to database, success !
2016-07-30 15:21:30 [schedulerLog][Thread-8-craw_page_parse_2.py-crawl-line:354]
INFO:Thread-8 start to crawl ! http://weibo.com/1905448302/info
2016-07-30 15:21:30 [schedulerLog][Thread-4-craw_page_parse_2.py-store_userinfo_loc_to_db-line:394]
INFO:Thread-4 insert to database, success !
2016-07-30 15:21:30 [schedulerLog][Thread-4-craw_page_parse_2.py-crawl-line:354]
INFO:Thread-4 start to crawl ! http://weibo.com/1702135633/info
2016-07-30 15:21:31 [schedulerLog][Thread-10-craw_page_parse_2.py-store_userinfo_loc_to_db-line:394]
INFO:Thread-10 insert to database, success !
2016-07-30 15:21:31 [schedulerLog][Thread-10-craw_page_parse_2.py-crawl-line:354]
INFO:Thread-10 start to crawl ! http://weibo.com/1401184785/info
2016-07-30 15:21:31 [schedulerLog][Thread-6-craw_page_parse_2.py-store_userinfo_loc_to_db-line:394]
INFO:Thread-6 insert to database, success !
2016-07-30 15:21:31 [schedulerLog][Thread-6-craw_page_parse_2.py-crawl-line:354]
INFO:Thread-6 start to crawl ! http://weibo.com/2291522445/info
2016-07-30 15:21:31 [schedulerLog][Thread-1-craw_page_parse_2.py-store_userinfo_loc_to_db-line:394]
INFO:Thread-1 insert to database, success !
2016-07-30 15:21:31 [schedulerLog][Thread-1-craw_page_parse_2.py-crawl-line:354]
INFO:Thread-1 start to crawl ! http://weibo.com/1693938102/info
2016-07-30 15:21:32 [schedulerLog][Thread-7-craw_page_parse_2.py-store_userinfo_loc_to_db-line:394]
INFO:Thread-7 insert to database, success !
2016-07-30 15:21:32 [schedulerLog][Thread-7-craw_page_parse_2.py-crawl-line:354]
INFO:Thread-7 start to crawl ! http://weibo.com/2178504761/info
2016-07-30 15:21:32 [schedulerLog][Thread-2-craw_page_parse_2.py-store_userinfo_loc_to_db-line:394]
INFO:Thread-2 insert to database, success !
2016-07-30 15:21:32 [schedulerLog][Thread-2-craw_page_parse_2.py-crawl-line:354]
INFO:Thread-2 start to crawl ! http://weibo.com/1064522591/info
2016-07-30 15:21:32 [schedulerLog][Thread-11-craw_page_parse_2.py-store_userinfo_loc_to_db-line:394]
INFO:Thread-11 insert to database, success !
2016-07-30 15:21:32 [schedulerLog][Thread-11-craw_page_parse_2.py-crawl-line:354]
INFO:Thread-11 start to crawl ! http://weibo.com/1652438810/info
2016-07-30 15:21:32 [schedulerLog][Thread-9-craw_page_parse_2.py-store_userinfo_loc_to_db-line:394]
INFO:Thread-9 insert to database, success !
2016-07-30 15:21:32 [schedulerLog][Thread-9-craw_page_parse_2.py-crawl-line:354]
INFO:Thread-9 start to crawl ! http://weibo.com/2158861301/info
2016-07-30 15:21:32 [schedulerLog][Thread-4-craw_page_parse_2.py-store_userinfo_loc_to_db-line:394]
INFO:Thread-4 insert to database, success !
2016-07-30 15:21:32 [schedulerLog][Thread-4-craw_page_parse_2.py-crawl-line:354]
INFO:Thread-4 start to crawl ! http://weibo.com/1708523575/info
2016-07-30 15:21:32 [schedulerLog][Thread-5-craw_page_parse_2.py-store_userinfo_loc_to_db-line:394]
INFO:Thread-5 insert to database, success !
2016-07-30 15:21:32 [schedulerLog][Thread-5-craw_page_parse_2.py-crawl-line:354]
INFO:Thread-5 start to crawl ! http://weibo.com/1880804575/info
2016-07-30 15:21:33 [schedulerLog][Thread-8-craw_page_parse_2.py-store_userinfo_loc_to_db-line:394]
INFO:Thread-8 insert to database, success !
2016-07-30 15:21:33 [schedulerLog][Thread-8-craw_page_parse_2.py-crawl-line:354]
INFO:Thread-8 start to crawl ! http://weibo.com/1149465831/info
2016-07-30 15:21:33 [schedulerLog][Thread-3-craw_page_parse_2.py-store_userinfo_loc_to_db-line:394]
INFO:Thread-3 insert to database, success !
2016-07-30 15:21:33 [schedulerLog][Thread-3-craw_page_parse_2.py-crawl-line:354]
INFO:Thread-3 start to crawl ! http://weibo.com/1354249181/info
2016-07-30 15:21:33 [schedulerLog][Thread-2-craw_page_parse_2.py-store_userinfo_loc_to_db-line:394]
INFO:Thread-2 insert to database, success !
2016-07-30 15:21:33 [schedulerLog][Thread-2-craw_page_parse_2.py-crawl-line:354]
INFO:Thread-2 start to crawl ! http://weibo.com/1892362781/info
2016-07-30 15:21:33 [schedulerLog][Thread-1-craw_page_parse_2.py-store_userinfo_loc_to_db-line:394]
INFO:Thread-1 insert to database, success !
2016-07-30 15:21:33 [schedulerLog][Thread-1-craw_page_parse_2.py-crawl-line:354]
INFO:Thread-1 start to crawl ! http://weibo.com/1774815740/info
2016-07-30 15:21:33 [schedulerLog][Thread-10-craw_page_parse_2.py-store_userinfo_loc_to_db-line:394]
INFO:Thread-10 insert to database, success !
2016-07-30 15:21:33 [schedulerLog][Thread-10-craw_page_parse_2.py-crawl-line:354]
INFO:Thread-10 start to crawl ! http://weibo.com/1242219945/info
2016-07-30 15:21:34 [schedulerLog][Thread-11-craw_page_parse_2.py-store_userinfo_loc_to_db-line:394]
INFO:Thread-11 insert to database, success !
2016-07-30 15:21:34 [schedulerLog][Thread-11-craw_page_parse_2.py-crawl-line:354]
INFO:Thread-11 start to crawl ! http://weibo.com/1743734290/info
2016-07-30 15:21:34 [schedulerLog][Thread-7-craw_page_parse_2.py-store_userinfo_loc_to_db-line:394]
INFO:Thread-7 insert to database, success !
2016-07-30 15:21:34 [schedulerLog][Thread-7-craw_page_parse_2.py-crawl-line:354]
INFO:Thread-7 start to crawl ! http://weibo.com/1566128302/info
2016-07-30 15:21:34 [schedulerLog][Thread-6-craw_page_parse_2.py-store_userinfo_loc_to_db-line:394]
INFO:Thread-6 insert to database, success !
2016-07-30 15:21:34 [schedulerLog][Thread-6-craw_page_parse_2.py-crawl-line:354]
INFO:Thread-6 start to crawl ! http://weibo.com/1738690784/info
2016-07-30 15:21:34 [schedulerLog][Thread-9-craw_page_parse_2.py-store_userinfo_loc_to_db-line:394]
INFO:Thread-9 insert to database, success !
2016-07-30 15:21:34 [schedulerLog][Thread-9-craw_page_parse_2.py-crawl-line:354]
INFO:Thread-9 start to crawl ! http://weibo.com/1196120360/info
2016-07-30 15:21:35 [schedulerLog][Thread-5-craw_page_parse_2.py-store_userinfo_loc_to_db-line:394]
INFO:Thread-5 insert to database, success !
2016-07-30 15:21:35 [schedulerLog][Thread-5-craw_page_parse_2.py-crawl-line:354]
INFO:Thread-5 start to crawl ! http://weibo.com/1841391620/info
2016-07-30 15:21:35 [schedulerLog][Thread-4-craw_page_parse_2.py-store_userinfo_loc_to_db-line:394]
INFO:Thread-4 insert to database, success !
2016-07-30 15:21:35 [schedulerLog][Thread-4-craw_page_parse_2.py-crawl-line:354]
INFO:Thread-4 start to crawl ! http://weibo.com/1636356690/info
2016-07-30 15:21:35 [schedulerLog][Thread-1-craw_page_parse_2.py-store_userinfo_loc_to_db-line:394]
INFO:Thread-1 insert to database, success !
2016-07-30 15:21:35 [schedulerLog][Thread-1-craw_page_parse_2.py-crawl-line:354]
INFO:Thread-1 start to crawl ! http://weibo.com/1941870870/info
2016-07-30 15:21:35 [schedulerLog][Thread-2-craw_page_parse_2.py-store_userinfo_loc_to_db-line:394]
INFO:Thread-2 insert to database, success !
2016-07-30 15:21:35 [schedulerLog][Thread-2-craw_page_parse_2.py-crawl-line:354]
INFO:Thread-2 start to crawl ! http://weibo.com/1669132510/info
2016-07-30 15:21:36 [schedulerLog][Thread-10-craw_page_parse_2.py-store_userinfo_loc_to_db-line:394]
INFO:Thread-10 insert to database, success !
2016-07-30 15:21:36 [schedulerLog][Thread-10-craw_page_parse_2.py-crawl-line:354]
INFO:Thread-10 start to crawl ! http://weibo.com/1862697911/info
2016-07-30 15:21:36 [schedulerLog][Thread-8-craw_page_parse_2.py-store_userinfo_loc_to_db-line:394]
INFO:Thread-8 insert to database, success !
2016-07-30 15:21:36 [schedulerLog][Thread-8-craw_page_parse_2.py-crawl-line:354]
INFO:Thread-8 start to crawl ! http://weibo.com/1853686431/info
2016-07-30 15:21:36 [schedulerLog][Thread-3-craw_page_parse_2.py-store_userinfo_loc_to_db-line:394]
INFO:Thread-3 insert to database, success !
2016-07-30 15:21:36 [schedulerLog][Thread-3-craw_page_parse_2.py-crawl-line:354]
INFO:Thread-3 start to crawl ! http://weibo.com/2012725532/info
2016-07-30 15:21:37 [schedulerLog][Thread-4-craw_page_parse_2.py-store_userinfo_loc_to_db-line:394]
INFO:Thread-4 insert to database, success !
2016-07-30 15:21:37 [schedulerLog][Thread-4-craw_page_parse_2.py-crawl-line:354]
INFO:Thread-4 start to crawl ! http://weibo.com/1093974672/info
2016-07-30 15:21:37 [schedulerLog][Thread-9-craw_page_parse_2.py-store_userinfo_loc_to_db-line:394]
INFO:Thread-9 insert to database, success !
2016-07-30 15:21:37 [schedulerLog][Thread-9-craw_page_parse_2.py-crawl-line:354]
INFO:Thread-9 start to crawl ! http://weibo.com/1726160705/info
2016-07-30 15:21:38 [schedulerLog][Thread-7-craw_page_parse_2.py-store_userinfo_loc_to_db-line:394]
INFO:Thread-7 insert to database, success !
2016-07-30 15:21:38 [schedulerLog][Thread-7-craw_page_parse_2.py-crawl-line:354]
INFO:Thread-7 start to crawl ! http://weibo.com/1806233243/info
2016-07-30 15:21:38 [schedulerLog][Thread-5-craw_page_parse_2.py-store_userinfo_loc_to_db-line:394]
INFO:Thread-5 insert to database, success !
2016-07-30 15:21:38 [schedulerLog][Thread-5-craw_page_parse_2.py-crawl-line:354]
INFO:Thread-5 start to crawl ! http://weibo.com/1776727087/info
2016-07-30 15:21:38 [schedulerLog][Thread-11-craw_page_parse_2.py-store_userinfo_loc_to_db-line:394]
INFO:Thread-11 insert to database, success !
2016-07-30 15:21:38 [schedulerLog][Thread-11-craw_page_parse_2.py-crawl-line:354]
INFO:Thread-11 start to crawl ! http://weibo.com/2268869015/info
2016-07-30 15:21:38 [schedulerLog][Thread-2-craw_page_parse_2.py-store_userinfo_loc_to_db-line:394]
INFO:Thread-2 insert to database, success !
2016-07-30 15:21:38 [schedulerLog][Thread-2-craw_page_parse_2.py-crawl-line:354]
INFO:Thread-2 start to crawl ! http://weibo.com/26753377/info
2016-07-30 15:21:38 [schedulerLog][Thread-8-craw_page_parse_2.py-store_userinfo_loc_to_db-line:394]
INFO:Thread-8 insert to database, success !
2016-07-30 15:21:38 [schedulerLog][Thread-8-craw_page_parse_2.py-crawl-line:354]
INFO:Thread-8 start to crawl ! http://weibo.com/1670399530/info
2016-07-30 15:21:38 [schedulerLog][Thread-1-craw_page_parse_2.py-store_userinfo_loc_to_db-line:394]
INFO:Thread-1 insert to database, success !
2016-07-30 15:21:38 [schedulerLog][Thread-1-craw_page_parse_2.py-crawl-line:354]
INFO:Thread-1 start to crawl ! http://weibo.com/1746668711/info
2016-07-30 15:21:39 [schedulerLog][Thread-10-craw_page_parse_2.py-store_userinfo_loc_to_db-line:394]
INFO:Thread-10 insert to database, success !
2016-07-30 15:21:39 [schedulerLog][Thread-10-craw_page_parse_2.py-crawl-line:354]
INFO:Thread-10 start to crawl ! http://weibo.com/1400128021/info
2016-07-30 15:21:39 [schedulerLog][Thread-6-craw_page_parse_2.py-store_userinfo_loc_to_db-line:394]
INFO:Thread-6 insert to database, success !
2016-07-30 15:21:39 [schedulerLog][Thread-6-craw_page_parse_2.py-crawl-line:354]
INFO:Thread-6 start to crawl ! http://weibo.com/1946294591/info
2016-07-30 15:21:40 [schedulerLog][Thread-9-craw_page_parse_2.py-store_userinfo_loc_to_db-line:394]
INFO:Thread-9 insert to database, success !
2016-07-30 15:21:40 [schedulerLog][Thread-9-craw_page_parse_2.py-crawl-line:354]
INFO:Thread-9 start to crawl ! http://weibo.com/1269797357/info
2016-07-30 15:21:40 [schedulerLog][Thread-11-craw_page_parse_2.py-store_userinfo_loc_to_db-line:394]
INFO:Thread-11 insert to database, success !
2016-07-30 15:21:40 [schedulerLog][Thread-11-craw_page_parse_2.py-crawl-line:354]
INFO:Thread-11 start to crawl ! http://weibo.com/1652911055/info
2016-07-30 15:21:40 [schedulerLog][Thread-7-craw_page_parse_2.py-store_userinfo_loc_to_db-line:394]
INFO:Thread-7 insert to database, success !
2016-07-30 15:21:40 [schedulerLog][Thread-7-craw_page_parse_2.py-crawl-line:354]
INFO:Thread-7 start to crawl ! http://weibo.com/1825252803/info
2016-07-30 15:21:40 [schedulerLog][Thread-3-craw_page_parse_2.py-store_userinfo_loc_to_db-line:394]
INFO:Thread-3 insert to database, success !
2016-07-30 15:21:40 [schedulerLog][Thread-3-craw_page_parse_2.py-crawl-line:354]
INFO:Thread-3 start to crawl ! http://weibo.com/1808094081/info
2016-07-30 15:21:40 [schedulerLog][Thread-4-craw_page_parse_2.py-store_userinfo_loc_to_db-line:394]
INFO:Thread-4 insert to database, success !
2016-07-30 15:21:40 [schedulerLog][Thread-4-craw_page_parse_2.py-crawl-line:354]
INFO:Thread-4 start to crawl ! http://weibo.com/1449191503/info
2016-07-30 15:21:41 [schedulerLog][Thread-1-craw_page_parse_2.py-store_userinfo_loc_to_db-line:394]
INFO:Thread-1 insert to database, success !
2016-07-30 15:21:41 [schedulerLog][Thread-1-craw_page_parse_2.py-crawl-line:354]
INFO:Thread-1 start to crawl ! http://weibo.com/1287068057/info
2016-07-30 15:21:41 [schedulerLog][Thread-2-craw_page_parse_2.py-store_userinfo_loc_to_db-line:394]
INFO:Thread-2 insert to database, success !
2016-07-30 15:21:41 [schedulerLog][Thread-2-craw_page_parse_2.py-crawl-line:354]
INFO:Thread-2 start to crawl ! http://weibo.com/1241294442/info
2016-07-30 15:21:41 [schedulerLog][Thread-10-craw_page_parse_2.py-store_userinfo_loc_to_db-line:394]
INFO:Thread-10 insert to database, success !
2016-07-30 15:21:41 [schedulerLog][Thread-10-craw_page_parse_2.py-crawl-line:354]
INFO:Thread-10 start to crawl ! http://weibo.com/1211068762/info
2016-07-30 15:21:41 [schedulerLog][Thread-5-craw_page_parse_2.py-store_userinfo_loc_to_db-line:394]
INFO:Thread-5 insert to database, success !
2016-07-30 15:21:41 [schedulerLog][Thread-5-craw_page_parse_2.py-crawl-line:354]
INFO:Thread-5 start to crawl ! http://weibo.com/1774615747/info
2016-07-30 15:21:41 [schedulerLog][Thread-8-craw_page_parse_2.py-store_userinfo_loc_to_db-line:394]
INFO:Thread-8 insert to database, success !
2016-07-30 15:21:41 [schedulerLog][Thread-8-craw_page_parse_2.py-crawl-line:354]
INFO:Thread-8 start to crawl ! http://weibo.com/1687233414/info
2016-07-30 15:21:42 [schedulerLog][Thread-6-craw_page_parse_2.py-store_userinfo_loc_to_db-line:394]
INFO:Thread-6 insert to database, success !
2016-07-30 15:21:42 [schedulerLog][Thread-6-craw_page_parse_2.py-crawl-line:354]
INFO:Thread-6 start to crawl ! http://weibo.com/1858289122/info
2016-07-30 15:21:42 [schedulerLog][Thread-11-craw_page_parse_2.py-store_userinfo_loc_to_db-line:394]
INFO:Thread-11 insert to database, success !
2016-07-30 15:21:42 [schedulerLog][Thread-11-craw_page_parse_2.py-crawl-line:354]
INFO:Thread-11 start to crawl ! http://weibo.com/2078180361/info
2016-07-30 15:21:42 [schedulerLog][Thread-7-craw_page_parse_2.py-store_userinfo_loc_to_db-line:394]
INFO:Thread-7 insert to database, success !
2016-07-30 15:21:42 [schedulerLog][Thread-7-craw_page_parse_2.py-crawl-line:354]
INFO:Thread-7 start to crawl ! http://weibo.com/1227196222/info
2016-07-30 15:21:44 [schedulerLog][Thread-2-craw_page_parse_2.py-store_userinfo_loc_to_db-line:394]
INFO:Thread-2 insert to database, success !
2016-07-30 15:21:44 [schedulerLog][Thread-5-craw_page_parse_2.py-store_userinfo_loc_to_db-line:394]
INFO:Thread-5 insert to database, success !
2016-07-30 15:21:44 [schedulerLog][Thread-2-craw_page_parse_2.py-crawl-line:354]
INFO:Thread-2 start to crawl ! http://weibo.com/2011785254/info
2016-07-30 15:21:44 [schedulerLog][Thread-5-craw_page_parse_2.py-crawl-line:354]
INFO:Thread-5 start to crawl ! http://weibo.com/1582171173/info
2016-07-30 15:21:44 [schedulerLog][Thread-1-craw_page_parse_2.py-store_userinfo_loc_to_db-line:394]
INFO:Thread-1 insert to database, success !
2016-07-30 15:21:44 [schedulerLog][Thread-1-craw_page_parse_2.py-crawl-line:354]
INFO:Thread-1 start to crawl ! http://weibo.com/1792239307/info
2016-07-30 15:21:44 [schedulerLog][Thread-9-craw_page_parse_2.py-store_userinfo_loc_to_db-line:394]
INFO:Thread-9 insert to database, success !
2016-07-30 15:21:44 [schedulerLog][Thread-9-craw_page_parse_2.py-crawl-line:354]
INFO:Thread-9 start to crawl ! http://weibo.com/1118590054/info
2016-07-30 15:21:44 [schedulerLog][Thread-8-craw_page_parse_2.py-store_userinfo_loc_to_db-line:394]
INFO:Thread-8 insert to database, success !
2016-07-30 15:21:44 [schedulerLog][Thread-8-craw_page_parse_2.py-crawl-line:354]
INFO:Thread-8 start to crawl ! http://weibo.com/2042081992/info
2016-07-30 15:21:44 [schedulerLog][Thread-3-craw_page_parse_2.py-store_userinfo_loc_to_db-line:394]
INFO:Thread-3 insert to database, success !
2016-07-30 15:21:44 [schedulerLog][Thread-3-craw_page_parse_2.py-crawl-line:354]
INFO:Thread-3 start to crawl ! http://weibo.com/1650584640/info
2016-07-30 15:21:45 [schedulerLog][Thread-11-craw_page_parse_2.py-store_userinfo_loc_to_db-line:394]
INFO:Thread-11 insert to database, success !
2016-07-30 15:21:45 [schedulerLog][Thread-11-craw_page_parse_2.py-crawl-line:354]
INFO:Thread-11 start to crawl ! http://weibo.com/1345343967/info
2016-07-30 15:21:46 [schedulerLog][Thread-7-craw_page_parse_2.py-store_userinfo_loc_to_db-line:394]
INFO:Thread-7 insert to database, success !
2016-07-30 15:21:46 [schedulerLog][Thread-7-craw_page_parse_2.py-crawl-line:354]
INFO:Thread-7 start to crawl ! http://weibo.com/1738079135/info
2016-07-30 15:21:46 [schedulerLog][Thread-5-craw_page_parse_2.py-store_userinfo_loc_to_db-line:394]
INFO:Thread-5 insert to database, success !
2016-07-30 15:21:46 [schedulerLog][Thread-5-craw_page_parse_2.py-crawl-line:354]
INFO:Thread-5 start to crawl ! http://weibo.com/1713370390/info
2016-07-30 15:21:46 [schedulerLog][Thread-6-craw_page_parse_2.py-store_userinfo_loc_to_db-line:394]
INFO:Thread-6 insert to database, success !
2016-07-30 15:21:46 [schedulerLog][Thread-6-craw_page_parse_2.py-crawl-line:354]
INFO:Thread-6 start to crawl ! http://weibo.com/1854185854/info
2016-07-30 15:21:46 [schedulerLog][Thread-1-craw_page_parse_2.py-store_userinfo_loc_to_db-line:394]
INFO:Thread-1 insert to database, success !
2016-07-30 15:21:46 [schedulerLog][Thread-1-craw_page_parse_2.py-crawl-line:354]
INFO:Thread-1 start to crawl ! http://weibo.com/1784731747/info
2016-07-30 15:21:47 [schedulerLog][Thread-4-craw_page_parse_2.py-store_userinfo_loc_to_db-line:394]
INFO:Thread-4 insert to database, success !
2016-07-30 15:21:47 [schedulerLog][Thread-4-craw_page_parse_2.py-crawl-line:354]
INFO:Thread-4 start to crawl ! http://weibo.com/1064855024/info
2016-07-30 15:21:47 [schedulerLog][Thread-10-craw_page_parse_2.py-store_userinfo_loc_to_db-line:394]
INFO:Thread-10 insert to database, success !
2016-07-30 15:21:47 [schedulerLog][Thread-10-craw_page_parse_2.py-crawl-line:354]
INFO:Thread-10 start to crawl ! http://weibo.com/1281487233/info
2016-07-30 15:21:47 [schedulerLog][Thread-9-craw_page_parse_2.py-store_userinfo_loc_to_db-line:394]
INFO:Thread-9 insert to database, success !
2016-07-30 15:21:47 [schedulerLog][Thread-9-craw_page_parse_2.py-crawl-line:354]
INFO:Thread-9 start to crawl ! http://weibo.com/2457062354/info
2016-07-30 15:21:48 [schedulerLog][Thread-7-craw_page_parse_2.py-store_userinfo_loc_to_db-line:394]
INFO:Thread-7 insert to database, success !
2016-07-30 15:21:48 [schedulerLog][Thread-7-craw_page_parse_2.py-crawl-line:354]
INFO:Thread-7 start to crawl ! http://weibo.com/2299212833/info
2016-07-30 15:21:48 [schedulerLog][Thread-11-craw_page_parse_2.py-store_userinfo_loc_to_db-line:394]
INFO:Thread-11 insert to database, success !
2016-07-30 15:21:48 [schedulerLog][Thread-8-craw_page_parse_2.py-store_userinfo_loc_to_db-line:394]
INFO:Thread-8 insert to database, success !
2016-07-30 15:21:48 [schedulerLog][Thread-8-craw_page_parse_2.py-crawl-line:354]
INFO:Thread-8 start to crawl ! http://weibo.com/1911100003/info
2016-07-30 15:21:49 [schedulerLog][Thread-6-craw_page_parse_2.py-store_userinfo_loc_to_db-line:394]
INFO:Thread-6 insert to database, success !
2016-07-30 15:21:49 [schedulerLog][Thread-6-craw_page_parse_2.py-crawl-line:354]
INFO:Thread-6 start to crawl ! http://weibo.com/1958824247/info
2016-07-30 15:21:49 [schedulerLog][Thread-3-craw_page_parse_2.py-store_userinfo_loc_to_db-line:394]
INFO:Thread-3 insert to database, success !
2016-07-30 15:21:49 [schedulerLog][Thread-3-craw_page_parse_2.py-crawl-line:354]
INFO:Thread-3 start to crawl ! http://weibo.com/1706307202/info
2016-07-30 15:21:49 [schedulerLog][Thread-2-craw_page_parse_2.py-store_userinfo_loc_to_db-line:394]
INFO:Thread-2 insert to database, success !
2016-07-30 15:21:49 [schedulerLog][Thread-2-craw_page_parse_2.py-crawl-line:354]
INFO:Thread-2 start to crawl ! http://weibo.com/1639742754/info
2016-07-30 15:21:49 [schedulerLog][Thread-5-craw_page_parse_2.py-store_userinfo_loc_to_db-line:394]
INFO:Thread-5 insert to database, success !
2016-07-30 15:21:49 [schedulerLog][Thread-5-craw_page_parse_2.py-crawl-line:354]
INFO:Thread-5 start to crawl ! http://weibo.com/2139704123/info
2016-07-30 15:21:49 [schedulerLog][Thread-4-craw_page_parse_2.py-store_userinfo_loc_to_db-line:394]
INFO:Thread-4 insert to database, success !
2016-07-30 15:21:49 [schedulerLog][Thread-4-craw_page_parse_2.py-crawl-line:354]
INFO:Thread-4 start to crawl ! http://weibo.com/1792851395/info
2016-07-30 15:21:49 [schedulerLog][Thread-9-craw_page_parse_2.py-store_userinfo_loc_to_db-line:394]
INFO:Thread-9 insert to database, success !
2016-07-30 15:21:49 [schedulerLog][Thread-9-craw_page_parse_2.py-crawl-line:354]
INFO:Thread-9 start to crawl ! http://weibo.com/1744930492/info
2016-07-30 15:21:49 [schedulerLog][Thread-10-craw_page_parse_2.py-store_userinfo_loc_to_db-line:394]
INFO:Thread-10 insert to database, success !
2016-07-30 15:21:49 [schedulerLog][Thread-10-craw_page_parse_2.py-crawl-line:354]
INFO:Thread-10 start to crawl ! http://weibo.com/1256813775/info
2016-07-30 15:21:51 [schedulerLog][Thread-1-craw_page_parse_2.py-store_userinfo_loc_to_db-line:394]
INFO:Thread-1 insert to database, success !
2016-07-30 15:21:51 [schedulerLog][Thread-7-craw_page_parse_2.py-store_userinfo_loc_to_db-line:394]
INFO:Thread-7 insert to database, success !
2016-07-30 15:21:51 [schedulerLog][Thread-1-craw_page_parse_2.py-crawl-line:354]
INFO:Thread-1 start to crawl ! http://weibo.com/1028410180/info
2016-07-30 15:21:51 [schedulerLog][Thread-7-craw_page_parse_2.py-crawl-line:354]
INFO:Thread-7 start to crawl ! http://weibo.com/1436138280/info
2016-07-30 15:21:51 [schedulerLog][Thread-6-craw_page_parse_2.py-store_userinfo_loc_to_db-line:394]
INFO:Thread-6 insert to database, success !
2016-07-30 15:21:51 [schedulerLog][Thread-6-craw_page_parse_2.py-crawl-line:354]
INFO:Thread-6 start to crawl ! http://weibo.com/1931222201/info
2016-07-30 15:21:51 [schedulerLog][Thread-3-craw_page_parse_2.py-store_userinfo_loc_to_db-line:394]
INFO:Thread-3 insert to database, success !
2016-07-30 15:21:51 [schedulerLog][Thread-3-craw_page_parse_2.py-crawl-line:354]
INFO:Thread-3 start to crawl ! http://weibo.com/2163839431/info
2016-07-30 15:21:52 [schedulerLog][Thread-2-craw_page_parse_2.py-store_userinfo_loc_to_db-line:394]
INFO:Thread-2 insert to database, success !
2016-07-30 15:21:52 [schedulerLog][Thread-2-craw_page_parse_2.py-crawl-line:354]
INFO:Thread-2 start to crawl ! http://weibo.com/1911403677/info
2016-07-30 15:21:52 [schedulerLog][Thread-5-craw_page_parse_2.py-store_userinfo_loc_to_db-line:394]
INFO:Thread-5 insert to database, success !
2016-07-30 15:21:52 [schedulerLog][Thread-5-craw_page_parse_2.py-crawl-line:354]
INFO:Thread-5 start to crawl ! http://weibo.com/1081995783/info
2016-07-30 15:21:52 [schedulerLog][Thread-9-craw_page_parse_2.py-store_userinfo_loc_to_db-line:394]
INFO:Thread-9 insert to database, success !
2016-07-30 15:21:52 [schedulerLog][Thread-9-craw_page_parse_2.py-crawl-line:354]
INFO:Thread-9 start to crawl ! http://weibo.com/1908040460/info
2016-07-30 15:21:52 [schedulerLog][Thread-10-craw_page_parse_2.py-store_userinfo_loc_to_db-line:394]
INFO:Thread-10 insert to database, success !
2016-07-30 15:21:52 [schedulerLog][Thread-10-craw_page_parse_2.py-crawl-line:354]
INFO:Thread-10 start to crawl ! http://weibo.com/1277948651/info
2016-07-30 15:21:53 [schedulerLog][Thread-3-craw_page_parse_2.py-store_userinfo_loc_to_db-line:394]
INFO:Thread-3 insert to database, success !
2016-07-30 15:21:53 [schedulerLog][Thread-3-craw_page_parse_2.py-crawl-line:354]
INFO:Thread-3 start to crawl ! http://weibo.com/1099135083/info
2016-07-30 15:21:54 [schedulerLog][Thread-1-craw_page_parse_2.py-store_userinfo_loc_to_db-line:394]
INFO:Thread-1 insert to database, success !
2016-07-30 15:21:54 [schedulerLog][Thread-1-craw_page_parse_2.py-crawl-line:354]
INFO:Thread-1 start to crawl ! http://weibo.com/1066007267/info
2016-07-30 15:21:54 [schedulerLog][Thread-6-craw_page_parse_2.py-store_userinfo_loc_to_db-line:394]
INFO:Thread-6 insert to database, success !
2016-07-30 15:21:54 [schedulerLog][Thread-6-craw_page_parse_2.py-crawl-line:354]
INFO:Thread-6 start to crawl ! http://weibo.com/1789496807/info
2016-07-30 15:21:54 [schedulerLog][Thread-7-craw_page_parse_2.py-store_userinfo_loc_to_db-line:394]
INFO:Thread-7 insert to database, success !
2016-07-30 15:21:54 [schedulerLog][Thread-7-craw_page_parse_2.py-crawl-line:354]
INFO:Thread-7 start to crawl ! http://weibo.com/1849415603/info
2016-07-30 15:21:54 [schedulerLog][Thread-9-craw_page_parse_2.py-store_userinfo_loc_to_db-line:394]
INFO:Thread-9 insert to database, success !
2016-07-30 15:21:54 [schedulerLog][Thread-9-craw_page_parse_2.py-crawl-line:354]
INFO:Thread-9 start to crawl ! http://weibo.com/1895667015/info
2016-07-30 15:21:55 [schedulerLog][Thread-10-craw_page_parse_2.py-store_userinfo_loc_to_db-line:394]
INFO:Thread-10 insert to database, success !
2016-07-30 15:21:55 [schedulerLog][Thread-10-craw_page_parse_2.py-crawl-line:354]
INFO:Thread-10 start to crawl ! http://weibo.com/1794612637/info
2016-07-30 15:21:55 [schedulerLog][Thread-8-craw_page_parse_2.py-store_userinfo_loc_to_db-line:394]
INFO:Thread-8 insert to database, success !
2016-07-30 15:21:55 [schedulerLog][Thread-8-craw_page_parse_2.py-crawl-line:354]
INFO:Thread-8 start to crawl ! http://weibo.com/1644231674/info
2016-07-30 15:21:55 [schedulerLog][Thread-3-craw_page_parse_2.py-store_userinfo_loc_to_db-line:394]
INFO:Thread-3 insert to database, success !
2016-07-30 15:21:55 [schedulerLog][Thread-3-craw_page_parse_2.py-crawl-line:354]
INFO:Thread-3 start to crawl ! http://weibo.com/1061989571/info
2016-07-30 15:21:56 [schedulerLog][Thread-7-craw_page_parse_2.py-store_userinfo_loc_to_db-line:394]
INFO:Thread-7 insert to database, success !
2016-07-30 15:21:56 [schedulerLog][Thread-7-craw_page_parse_2.py-crawl-line:354]
INFO:Thread-7 start to crawl ! http://weibo.com/1890394515/info
2016-07-30 15:21:56 [schedulerLog][Thread-2-craw_page_parse_2.py-store_userinfo_loc_to_db-line:394]
INFO:Thread-2 insert to database, success !
2016-07-30 15:21:56 [schedulerLog][Thread-2-craw_page_parse_2.py-crawl-line:354]
INFO:Thread-2 start to crawl ! http://weibo.com/1807584070/info
2016-07-30 15:21:56 [schedulerLog][Thread-1-craw_page_parse_2.py-store_userinfo_loc_to_db-line:394]
INFO:Thread-1 insert to database, success !
2016-07-30 15:21:56 [schedulerLog][Thread-1-craw_page_parse_2.py-crawl-line:354]
INFO:Thread-1 start to crawl ! http://weibo.com/1583482052/info
2016-07-30 15:21:57 [schedulerLog][Thread-6-craw_page_parse_2.py-store_userinfo_loc_to_db-line:394]
INFO:Thread-6 insert to database, success !
2016-07-30 15:21:57 [schedulerLog][Thread-6-craw_page_parse_2.py-crawl-line:354]
INFO:Thread-6 start to crawl ! http://weibo.com/1227152040/info
2016-07-30 15:21:57 [schedulerLog][Thread-3-craw_page_parse_2.py-store_userinfo_loc_to_db-line:394]
INFO:Thread-3 insert to database, success !
2016-07-30 15:21:57 [schedulerLog][Thread-3-craw_page_parse_2.py-crawl-line:354]
INFO:Thread-3 start to crawl ! http://weibo.com/1788176930/info
2016-07-30 15:21:58 [schedulerLog][Thread-4-craw_page_parse_2.py-store_userinfo_loc_to_db-line:394]
INFO:Thread-4 insert to database, success !
2016-07-30 15:21:58 [schedulerLog][Thread-4-craw_page_parse_2.py-crawl-line:354]
INFO:Thread-4 start to crawl ! http://weibo.com/1045938443/info
2016-07-30 15:21:58 [schedulerLog][Thread-10-craw_page_parse_2.py-store_userinfo_loc_to_db-line:394]
INFO:Thread-10 insert to database, success !
2016-07-30 15:21:58 [schedulerLog][Thread-10-craw_page_parse_2.py-crawl-line:354]
INFO:Thread-10 start to crawl ! http://weibo.com/1057144645/info
2016-07-30 15:21:58 [schedulerLog][Thread-8-craw_page_parse_2.py-store_userinfo_loc_to_db-line:394]
INFO:Thread-8 insert to database, success !
2016-07-30 15:21:58 [schedulerLog][Thread-8-craw_page_parse_2.py-crawl-line:354]
INFO:Thread-8 start to crawl ! http://weibo.com/1802906081/info
2016-07-30 15:21:58 [schedulerLog][Thread-5-craw_page_parse_2.py-store_userinfo_loc_to_db-line:394]
INFO:Thread-5 insert to database, success !
2016-07-30 15:21:58 [schedulerLog][Thread-5-craw_page_parse_2.py-crawl-line:354]
INFO:Thread-5 start to crawl ! http://weibo.com/2012661194/info
2016-07-30 15:21:58 [schedulerLog][Thread-7-craw_page_parse_2.py-store_userinfo_loc_to_db-line:394]
INFO:Thread-7 insert to database, success !
2016-07-30 15:21:58 [schedulerLog][Thread-7-craw_page_parse_2.py-crawl-line:354]
INFO:Thread-7 start to crawl ! http://weibo.com/1364364950/info
