2016-02-29 18:36:42 [schedulerLog][Thread-9-login.py-do_login-line:165]
DEBUG:http://passport.weibo.com/wbsso/login?ssosavestate=1488278201&url=http%3A%2F%2Fweibo.com%2Fajaxlogin.php%3Fframelogin%3D1%26callback%3Dparent.sinaSSOController.feedBackUrlCallBack&ticket=ST-MjQ4OTAwNTM2NA==-1456742201-xd-2F7EDFA949F52BD11B6AD50D3D8B6045&retcode=0
2016-02-29 18:36:43 [schedulerLog][Thread-9-loginer.py-fill_cookies_list-line:85]
INFO:374489786@qq.com--login success !
2016-02-29 18:36:43 [schedulerLog][Thread-9-craw_page_parse_2.py-crawl-line:150]
INFO:Thread-9 start to crawl ! http://weibo.cn/n/%E6%A5%9A%E5%A4%A9%E6%B5%AA%E5%AD%90%E7%BC%96%E5%89%A7%E8%B5%B5%E5%8D%8E
2016-02-29 18:36:43 [schedulerLog][Thread-3-craw_page_parse_2.py-crawl-line:150]
INFO:Thread-3 start to crawl ! http://weibo.cn/51lynn?f=search_0
2016-02-29 18:36:43 [schedulerLog][Thread-4-craw_page_parse_2.py-crawl-line:150]
INFO:Thread-4 start to crawl ! http://weibo.cn/ieshqzhu?f=search_0
2016-02-29 18:36:43 [schedulerLog][Thread-5-craw_page_parse_2.py-crawl-line:150]
INFO:Thread-5 start to crawl ! http://weibo.cn/kittywawa?f=search_0
2016-02-29 18:36:43 [schedulerLog][Thread-6-craw_page_parse_2.py-crawl-line:150]
INFO:Thread-6 start to crawl ! http://weibo.cn/ytbj020?f=search_0
2016-02-29 18:36:43 [schedulerLog][Thread-8-craw_page_parse_2.py-crawl-line:150]
INFO:Thread-8 start to crawl ! http://weibo.cn/n/%E5%8E%9F%E6%9C%AC%E5%B1%B1%E5%B7%9D%E6%9E%81%E5%91%BD%E8%8D%89%E6%9C%A8
2016-02-29 18:36:43 [schedulerLog][Thread-7-craw_page_parse_2.py-crawl-line:150]
INFO:Thread-7 start to crawl ! http://weibo.cn/n/%E4%BD%95%E5%85%89%E4%BC%9F1983
2016-02-29 18:36:46 [schedulerLog][Thread-8-craw_page_parse_2.py-crawl-line:150]
INFO:Thread-8 start to crawl ! http://weibo.cn/n/%E5%8E%9F%E6%9C%AC%E5%B1%B1%E5%B7%9D%E6%9E%81%E5%91%BD%E8%8D%89%E6%9C%A8
2016-02-29 18:36:46 [schedulerLog][Thread-5-craw_page_parse_2.py-crawl-line:150]
INFO:Thread-5 start to crawl ! http://weibo.cn/kittywawa?f=search_0
2016-02-29 18:36:46 [schedulerLog][Thread-3-craw_page_parse_2.py-crawl-line:150]
INFO:Thread-3 start to crawl ! http://weibo.cn/51lynn?f=search_0
2016-02-29 18:36:46 [schedulerLog][Thread-4-craw_page_parse_2.py-crawl-line:150]
INFO:Thread-4 start to crawl ! http://weibo.cn/ieshqzhu?f=search_0
2016-02-29 18:36:46 [schedulerLog][Thread-7-craw_page_parse_2.py-crawl-line:150]
INFO:Thread-7 start to crawl ! http://weibo.cn/n/%E4%BD%95%E5%85%89%E4%BC%9F1983
2016-02-29 18:36:47 [schedulerLog][Thread-9-craw_page_parse_2.py-crawl-line:150]
INFO:Thread-9 start to crawl ! http://weibo.cn/n/%E6%A5%9A%E5%A4%A9%E6%B5%AA%E5%AD%90%E7%BC%96%E5%89%A7%E8%B5%B5%E5%8D%8E
2016-02-29 18:36:49 [schedulerLog][Thread-5-craw_page_parse_2.py-store_userinfo_to_db-line:183]
INFO:Thread-5 nothing !
2016-02-29 18:36:49 [schedulerLog][Thread-5-craw_page_parse_2.py-crawl-line:150]
INFO:Thread-5 start to crawl ! http://weibo.cn/jianglihao?f=search_0
2016-02-29 18:36:49 [schedulerLog][Thread-3-craw_page_parse_2.py-store_userinfo_to_db-line:183]
INFO:Thread-3 nothing !
2016-02-29 18:36:49 [schedulerLog][Thread-3-craw_page_parse_2.py-crawl-line:150]
INFO:Thread-3 start to crawl ! http://weibo.cn/sumianhu?f=search_0
2016-02-29 18:36:49 [schedulerLog][Thread-8-craw_page_parse_2.py-store_userinfo_to_db-line:183]
INFO:Thread-8 nothing !
2016-02-29 18:36:49 [schedulerLog][Thread-8-craw_page_parse_2.py-crawl-line:150]
INFO:Thread-8 start to crawl ! http://weibo.cn/n/%E9%98%BF%E5%AE%85%E6%9C%B1%E5%AD%B8%E6%81%92
2016-02-29 18:36:49 [schedulerLog][Thread-4-craw_page_parse_2.py-store_userinfo_to_db-line:183]
INFO:Thread-4 nothing !
2016-02-29 18:36:49 [schedulerLog][Thread-4-craw_page_parse_2.py-crawl-line:150]
INFO:Thread-4 start to crawl ! http://weibo.cn/davyrune?f=search_0
2016-02-29 18:36:49 [schedulerLog][Thread-6-craw_page_parse_2.py-crawl-line:150]
INFO:Thread-6 start to crawl ! http://weibo.cn/ytbj020?f=search_0
2016-02-29 18:36:49 [schedulerLog][Thread-7-craw_page_parse_2.py-store_userinfo_to_db-line:183]
INFO:Thread-7 nothing !
2016-02-29 18:36:49 [schedulerLog][Thread-7-craw_page_parse_2.py-crawl-line:150]
INFO:Thread-7 start to crawl ! http://weibo.cn/n/%E5%8F%B8-%E6%BA%90%E6%BA%90
2016-02-29 18:36:50 [schedulerLog][Thread-9-craw_page_parse_2.py-store_userinfo_to_db-line:183]
INFO:Thread-9 nothing !
2016-02-29 18:36:50 [schedulerLog][Thread-9-craw_page_parse_2.py-crawl-line:150]
INFO:Thread-9 start to crawl ! http://weibo.cn/n/%E4%BA%91%E6%A5%BC%E6%8A%A5%E5%9D%8A
2016-02-29 18:36:52 [schedulerLog][Thread-5-craw_page_parse_2.py-crawl-line:150]
INFO:Thread-5 start to crawl ! http://weibo.cn/jianglihao?f=search_0
2016-02-29 18:36:52 [schedulerLog][Thread-8-craw_page_parse_2.py-crawl-line:150]
INFO:Thread-8 start to crawl ! http://weibo.cn/n/%E9%98%BF%E5%AE%85%E6%9C%B1%E5%AD%B8%E6%81%92
2016-02-29 18:36:52 [schedulerLog][Thread-4-craw_page_parse_2.py-crawl-line:150]
INFO:Thread-4 start to crawl ! http://weibo.cn/davyrune?f=search_0
2016-02-29 18:36:52 [schedulerLog][Thread-6-craw_page_parse_2.py-store_userinfo_to_db-line:183]
INFO:Thread-6 nothing !
2016-02-29 18:36:52 [schedulerLog][Thread-6-craw_page_parse_2.py-crawl-line:150]
INFO:Thread-6 start to crawl ! http://weibo.cn/nahan8?f=search_0
2016-02-29 18:36:52 [schedulerLog][Thread-7-craw_page_parse_2.py-crawl-line:150]
INFO:Thread-7 start to crawl ! http://weibo.cn/n/%E5%8F%B8-%E6%BA%90%E6%BA%90
2016-02-29 18:36:53 [schedulerLog][Thread-3-craw_page_parse_2.py-crawl-line:150]
INFO:Thread-3 start to crawl ! http://weibo.cn/sumianhu?f=search_0
2016-02-29 18:36:53 [schedulerLog][Thread-9-craw_page_parse_2.py-crawl-line:150]
INFO:Thread-9 start to crawl ! http://weibo.cn/n/%E4%BA%91%E6%A5%BC%E6%8A%A5%E5%9D%8A
2016-02-29 18:36:55 [schedulerLog][Thread-8-craw_page_parse_2.py-store_userinfo_to_db-line:183]
INFO:Thread-8 nothing !
2016-02-29 18:36:55 [schedulerLog][Thread-8-craw_page_parse_2.py-crawl-line:150]
INFO:Thread-8 start to crawl ! http://weibo.cn/Kinghann?f=search_0
2016-02-29 18:36:55 [schedulerLog][Thread-6-craw_page_parse_2.py-crawl-line:150]
INFO:Thread-6 start to crawl ! http://weibo.cn/nahan8?f=search_0
2016-02-29 18:36:55 [schedulerLog][Thread-4-craw_page_parse_2.py-store_userinfo_to_db-line:183]
INFO:Thread-4 nothing !
2016-02-29 18:36:55 [schedulerLog][Thread-4-craw_page_parse_2.py-crawl-line:150]
INFO:Thread-4 start to crawl ! http://weibo.cn/bioon?f=search_0
2016-02-29 18:36:56 [schedulerLog][Thread-3-craw_page_parse_2.py-store_userinfo_to_db-line:183]
INFO:Thread-3 nothing !
2016-02-29 18:36:56 [schedulerLog][Thread-3-craw_page_parse_2.py-crawl-line:150]
INFO:Thread-3 start to crawl ! http://weibo.cn/xiuzheng?f=search_0
2016-02-29 18:36:56 [schedulerLog][Thread-7-craw_page_parse_2.py-store_userinfo_to_db-line:183]
INFO:Thread-7 nothing !
2016-02-29 18:36:56 [schedulerLog][Thread-7-craw_page_parse_2.py-crawl-line:150]
INFO:Thread-7 start to crawl ! http://weibo.cn/n/%E4%BF%9D%E5%AE%9A%E7%B4%A0%E9%A3%9F
2016-02-29 18:36:56 [schedulerLog][Thread-5-craw_page_parse_2.py-store_userinfo_to_db-line:183]
INFO:Thread-5 nothing !
2016-02-29 18:36:56 [schedulerLog][Thread-5-craw_page_parse_2.py-crawl-line:150]
INFO:Thread-5 start to crawl ! http://weibo.cn/cassie2007?f=search_0
2016-02-29 18:36:56 [schedulerLog][Thread-9-craw_page_parse_2.py-store_userinfo_to_db-line:183]
INFO:Thread-9 nothing !
2016-02-29 18:36:56 [schedulerLog][Thread-9-craw_page_parse_2.py-crawl-line:150]
INFO:Thread-9 start to crawl ! http://weibo.cn/n/%E7%A2%A7%E6%B2%99%E5%B2%97
2016-02-29 18:36:58 [schedulerLog][Thread-8-craw_page_parse_2.py-crawl-line:150]
INFO:Thread-8 start to crawl ! http://weibo.cn/Kinghann?f=search_0
2016-02-29 18:36:58 [schedulerLog][Thread-6-craw_page_parse_2.py-store_userinfo_to_db-line:183]
INFO:Thread-6 nothing !
2016-02-29 18:36:58 [schedulerLog][Thread-4-craw_page_parse_2.py-crawl-line:150]
INFO:Thread-4 start to crawl ! http://weibo.cn/bioon?f=search_0
2016-02-29 18:36:58 [schedulerLog][Thread-6-craw_page_parse_2.py-crawl-line:150]
INFO:Thread-6 start to crawl ! http://weibo.cn/enigmade?f=search_0
2016-02-29 18:36:58 [schedulerLog][Thread-3-craw_page_parse_2.py-crawl-line:150]
INFO:Thread-3 start to crawl ! http://weibo.cn/xiuzheng?f=search_0
2016-02-29 18:36:59 [schedulerLog][Thread-7-craw_page_parse_2.py-crawl-line:150]
INFO:Thread-7 start to crawl ! http://weibo.cn/n/%E4%BF%9D%E5%AE%9A%E7%B4%A0%E9%A3%9F
2016-02-29 18:36:59 [schedulerLog][Thread-5-craw_page_parse_2.py-crawl-line:150]
INFO:Thread-5 start to crawl ! http://weibo.cn/cassie2007?f=search_0
2016-02-29 18:36:59 [schedulerLog][Thread-9-craw_page_parse_2.py-crawl-line:150]
INFO:Thread-9 start to crawl ! http://weibo.cn/n/%E7%A2%A7%E6%B2%99%E5%B2%97
2016-02-29 18:37:00 [schedulerLog][Thread-8-craw_page_parse_2.py-store_userinfo_to_db-line:183]
INFO:Thread-8 nothing !
2016-02-29 18:37:00 [schedulerLog][Thread-8-craw_page_parse_2.py-crawl-line:150]
INFO:Thread-8 start to crawl ! http://weibo.cn/mark?f=search_0
2016-02-29 18:37:01 [schedulerLog][Thread-6-craw_page_parse_2.py-crawl-line:150]
INFO:Thread-6 start to crawl ! http://weibo.cn/enigmade?f=search_0
2016-02-29 18:37:01 [schedulerLog][Thread-4-craw_page_parse_2.py-store_userinfo_to_db-line:183]
INFO:Thread-4 nothing !
2016-02-29 18:37:01 [schedulerLog][Thread-4-craw_page_parse_2.py-crawl-line:150]
INFO:Thread-4 start to crawl ! http://weibo.cn/mejove?f=search_0
2016-02-29 18:37:01 [schedulerLog][Thread-3-craw_page_parse_2.py-store_userinfo_to_db-line:183]
INFO:Thread-3 nothing !
2016-02-29 18:37:01 [schedulerLog][Thread-3-craw_page_parse_2.py-crawl-line:150]
INFO:Thread-3 start to crawl ! http://weibo.cn/iflight?f=search_0
2016-02-29 18:37:01 [schedulerLog][Thread-5-craw_page_parse_2.py-store_userinfo_to_db-line:183]
INFO:Thread-5 nothing !
2016-02-29 18:37:01 [schedulerLog][Thread-5-craw_page_parse_2.py-crawl-line:150]
INFO:Thread-5 start to crawl ! http://weibo.cn/hb818?f=search_0
2016-02-29 18:37:02 [schedulerLog][Thread-9-craw_page_parse_2.py-store_userinfo_to_db-line:183]
INFO:Thread-9 nothing !
2016-02-29 18:37:02 [schedulerLog][Thread-9-craw_page_parse_2.py-crawl-line:150]
INFO:Thread-9 start to crawl ! http://weibo.cn/n/Ara---%E7%BD%97%E5%90%AF%E5%A9%B5
2016-02-29 18:37:02 [schedulerLog][Thread-7-craw_page_parse_2.py-store_userinfo_to_db-line:183]
INFO:Thread-7 nothing !
2016-02-29 18:37:02 [schedulerLog][Thread-7-craw_page_parse_2.py-crawl-line:150]
INFO:Thread-7 start to crawl ! http://weibo.cn/n/%E8%8E%89%E8%8E%89%E9%A6%99%E9%A6%99
2016-02-29 18:37:03 [schedulerLog][Thread-4-craw_page_parse_2.py-crawl-line:150]
INFO:Thread-4 start to crawl ! http://weibo.cn/mejove?f=search_0
2016-02-29 18:37:03 [schedulerLog][Thread-6-craw_page_parse_2.py-store_userinfo_to_db-line:183]
INFO:Thread-6 nothing !
2016-02-29 18:37:03 [schedulerLog][Thread-8-craw_page_parse_2.py-crawl-line:150]
INFO:Thread-8 start to crawl ! http://weibo.cn/mark?f=search_0
2016-02-29 18:37:03 [schedulerLog][Thread-6-craw_page_parse_2.py-crawl-line:150]
INFO:Thread-6 start to crawl ! http://weibo.cn/136045111?f=search_0
2016-02-29 18:37:04 [schedulerLog][Thread-3-craw_page_parse_2.py-crawl-line:150]
INFO:Thread-3 start to crawl ! http://weibo.cn/iflight?f=search_0
2016-02-29 18:37:05 [schedulerLog][Thread-9-craw_page_parse_2.py-crawl-line:150]
INFO:Thread-9 start to crawl ! http://weibo.cn/n/Ara---%E7%BD%97%E5%90%AF%E5%A9%B5
2016-02-29 18:37:05 [schedulerLog][Thread-7-craw_page_parse_2.py-crawl-line:150]
INFO:Thread-7 start to crawl ! http://weibo.cn/n/%E8%8E%89%E8%8E%89%E9%A6%99%E9%A6%99
2016-02-29 18:37:06 [schedulerLog][Thread-5-craw_page_parse_2.py-crawl-line:150]
INFO:Thread-5 start to crawl ! http://weibo.cn/hb818?f=search_0
2016-02-29 18:37:06 [schedulerLog][Thread-6-craw_page_parse_2.py-crawl-line:150]
INFO:Thread-6 start to crawl ! http://weibo.cn/136045111?f=search_0
2016-02-29 18:37:06 [schedulerLog][Thread-8-craw_page_parse_2.py-store_userinfo_to_db-line:183]
INFO:Thread-8 nothing !
2016-02-29 18:37:06 [schedulerLog][Thread-8-craw_page_parse_2.py-crawl-line:150]
INFO:Thread-8 start to crawl ! http://weibo.cn/n/%E6%BB%A4%E6%B3%A2filtering
2016-02-29 18:37:07 [schedulerLog][Thread-3-craw_page_parse_2.py-store_userinfo_to_db-line:183]
INFO:Thread-3 nothing !
2016-02-29 18:37:07 [schedulerLog][Thread-3-craw_page_parse_2.py-crawl-line:150]
INFO:Thread-3 start to crawl ! http://weibo.cn/beikel?f=search_0
2016-02-29 18:37:08 [schedulerLog][Thread-9-craw_page_parse_2.py-store_userinfo_to_db-line:183]
INFO:Thread-9 nothing !
2016-02-29 18:37:08 [schedulerLog][Thread-9-craw_page_parse_2.py-crawl-line:150]
INFO:Thread-9 start to crawl ! http://weibo.cn/n/%E7%BB%BF%E8%89%B2%E5%BF%97%E6%84%BF%E8%80%85%E8%81%94%E7%9B%9F
2016-02-29 18:37:08 [schedulerLog][Thread-7-craw_page_parse_2.py-store_userinfo_to_db-line:183]
INFO:Thread-7 nothing !
2016-02-29 18:37:08 [schedulerLog][Thread-7-craw_page_parse_2.py-crawl-line:150]
INFO:Thread-7 start to crawl ! http://weibo.cn/Lovelove-yan?f=search_0
